android-update-apk/build/intermediates/manifest_merge_blame_file/release/manifest-merger-blame-release-report.txt
1<?xml version="1.0" encoding="utf-8"?>
2<manifest xmlns:android="http://schemas.android.com/apk/res/android"
3    package="com.artwl.update"
4    android:versionCode="1"
5    android:versionName="2.1.0" >
6
7    <uses-sdk
8        android:minSdkVersion="23"
8-->src\main\AndroidManifest.xml
9        android:targetSdkVersion="29" />
9-->src\main\AndroidManifest.xml
10
11    <uses-permission android:name="android.permission.REQUEST_INSTALL_PACKAGES" />
11-->src\main\AndroidManifest.xml:4:5-82
11-->src\main\AndroidManifest.xml:4:22-80
12    <uses-permission android:name="android.permission.ACCESS_NETWORK_STATE" />
12-->src\main\AndroidManifest.xml:5:5-79
12-->src\main\AndroidManifest.xml:5:22-76
13
14    <application
14-->src\main\AndroidManifest.xml:6:5-19:19
15        android:allowBackup="true"
15-->src\main\AndroidManifest.xml:7:9-35
16        android:supportsRtl="true" >
16-->src\main\AndroidManifest.xml:8:9-35
17        <provider
17-->src\main\AndroidManifest.xml:9:9-18:20
18            android:name="androidx.core.content.FileProvider"
18-->src\main\AndroidManifest.xml:10:13-62
19            android:authorities="${applicationId}"
19-->src\main\AndroidManifest.xml:11:13-51
20            android:exported="false"
20-->src\main\AndroidManifest.xml:12:13-37
21            android:grantUriPermissions="true"
21-->src\main\AndroidManifest.xml:14:13-47
22            android:usesCleartextTraffic="true" >
22-->src\main\AndroidManifest.xml:13:13-48
23            <meta-data
23-->src\main\AndroidManifest.xml:15:13-17:48
24                android:name="android.support.FILE_PROVIDER_PATHS"
24-->src\main\AndroidManifest.xml:16:17-67
25                android:resource="@xml/paths" />
25-->src\main\AndroidManifest.xml:17:17-46
26        </provider>
27    </application>
28
29</manifest>